<?xml version="1.0" encoding="UTF-8"?>
<!-- Generated by org.testng.reporters.JUnitReportReporter -->
<testsuite hostname="DESKTOP-EP5QP2U" failures="0" tests="1" name="sampleautomation.LearnFreeCRM" time="12.425" errors="0" timestamp="24 Jul 2022 06:42:49 GMT" skipped="0">
  <testcase classname="sampleautomation.LearnFreeCRM" name="login" time="12.425"/>
</testsuite> <!-- sampleautomation.LearnFreeCRM -->
