<?xml version="1.0" encoding="UTF-8"?>
<!-- Generated by org.testng.reporters.JUnitReportReporter -->
<testsuite hostname="DESKTOP-EP5QP2U" failures="0" tests="1" name="com.testng.automation.LearnTestNGBasics" time="12.070" errors="0" timestamp="10 Jul 2022 07:55:39 GMT" skipped="0">
  <testcase classname="com.testng.automation.LearnTestNGBasics" name="launchURL" time="12.070"/>
</testsuite> <!-- com.testng.automation.LearnTestNGBasics -->
