<?xml version="1.0" encoding="UTF-8"?>
<!-- Generated by org.testng.reporters.JUnitReportReporter -->
<testsuite hostname="DESKTOP-EP5QP2U" failures="0" tests="11" name="com.testng.automation.LearnTestNGPriority" time="0.054" errors="0" timestamp="10 Jul 2022 07:51:00 GMT" skipped="1">
  <testcase classname="com.testng.automation.LearnTestNGPriority" name="Amethod2" time="0.024"/>
  <testcase classname="com.testng.automation.LearnTestNGPriority" name="method0" time="0.002"/>
  <testcase classname="com.testng.automation.LearnTestNGPriority" name="method7" time="0.009"/>
  <testcase classname="com.testng.automation.LearnTestNGPriority" name="method9" time="0.004"/>
  <testcase classname="com.testng.automation.LearnTestNGPriority" name="method0" time="0.002"/>
  <testcase classname="com.testng.automation.LearnTestNGPriority" name="method6" time="0.004"/>
  <testcase classname="com.testng.automation.LearnTestNGPriority" name="method8" time="0.002"/>
  <testcase classname="com.testng.automation.LearnTestNGPriority" name="method0" time="0.003"/>
  <testcase classname="com.testng.automation.LearnTestNGPriority" name="method0" time="0.002"/>
  <testcase classname="com.testng.automation.LearnTestNGPriority" name="method3" time="0.002"/>
  <testcase classname="com.testng.automation.LearnTestNGPriority" name="amethod1">
    <skipped/>
  </testcase> <!-- amethod1 -->
</testsuite> <!-- com.testng.automation.LearnTestNGPriority -->
