<?xml version="1.0" encoding="UTF-8"?>
<!-- Generated by org.testng.reporters.JUnitReportReporter -->
<testsuite hostname="DESKTOP-EP5QP2U" failures="0" tests="1" name="com.testng.automation.LearnStaticDependency" time="15.484" errors="0" timestamp="10 Jul 2022 08:09:45 GMT" skipped="0">
  <testcase classname="com.testng.automation.LearnStaticDependency" name="orangeHRMLogin" time="15.484"/>
</testsuite> <!-- com.testng.automation.LearnStaticDependency -->
