<?xml version="1.0" encoding="UTF-8"?>
<!-- Generated by org.testng.reporters.JUnitReportReporter -->
<testsuite hostname="DESKTOP-EP5QP2U" failures="0" tests="1" name="com.testng.automation.Learnexceldataread" time="2.153" errors="0" timestamp="10 Jul 2022 08:29:00 GMT" skipped="0">
  <testcase classname="com.testng.automation.Learnexceldataread" name="dataread" time="2.153"/>
</testsuite> <!-- com.testng.automation.Learnexceldataread -->
