<?xml version="1.0" encoding="UTF-8"?>
<!-- Generated by org.testng.reporters.JUnitReportReporter -->
<testsuite hostname="DESKTOP-EP5QP2U" failures="0" tests="1" name="com.testng.automation.LearnTestNGBasics" time="11.457" errors="0" timestamp="09 Jul 2022 11:43:16 GMT" skipped="0">
  <testcase classname="com.testng.automation.LearnTestNGBasics" name="launchURL" time="11.457"/>
</testsuite> <!-- com.testng.automation.LearnTestNGBasics -->
