<?xml version="1.0" encoding="UTF-8"?>
<!-- Generated by org.testng.reporters.JUnitReportReporter -->
<testsuite hostname="DESKTOP-EP5QP2U" failures="0" tests="1" name="com.testng.automation.LearnDatadrivenTesting" time="14.612" errors="0" timestamp="10 Jul 2022 08:54:05 GMT" skipped="0">
  <testcase classname="com.testng.automation.LearnDatadrivenTesting" name="orangeHRMLogin" time="14.612"/>
</testsuite> <!-- com.testng.automation.LearnDatadrivenTesting -->
