<?xml version="1.0" encoding="UTF-8"?>
<!-- Generated by org.testng.reporters.JUnitReportReporter -->
<testsuite hostname="DESKTOP-EP5QP2U" failures="0" tests="2" name="com.testng.automation.LearnCrossBrowserTesting" time="49.042" errors="0" timestamp="10 Jul 2022 09:15:46 GMT" skipped="0">
  <testcase classname="com.testng.automation.LearnCrossBrowserTesting" name="orangeHRMLogin" time="16.978"/>
  <testcase classname="com.testng.automation.LearnCrossBrowserTesting" name="orangeHRMLogin" time="32.064"/>
</testsuite> <!-- com.testng.automation.LearnCrossBrowserTesting -->
