<?xml version="1.0" encoding="UTF-8"?>
<!-- Generated by org.testng.reporters.JUnitReportReporter -->
<testsuite hostname="DESKTOP-EP5QP2U" failures="0" tests="1" name="sampleautomation.LearnListenerCRM$LoginCRM" time="17.953" errors="0" timestamp="30 Jul 2022 11:17:52 GMT" skipped="0">
  <testcase classname="sampleautomation.LearnListenerCRM$LoginCRM" name="login" time="17.953"/>
</testsuite> <!-- sampleautomation.LearnListenerCRM$LoginCRM -->
