<?xml version="1.0" encoding="UTF-8"?>
<!-- Generated by org.testng.reporters.JUnitReportReporter -->
<testsuite hostname="DESKTOP-EP5QP2U" failures="0" tests="2" name="com.testng.automation.Learntestnghierarchy" time="0.017" errors="0" timestamp="09 Jul 2022 12:08:39 GMT" skipped="0">
  <testcase classname="com.testng.automation.Learntestnghierarchy" name="testmethod02" time="0.007"/>
  <testcase classname="com.testng.automation.Learntestnghierarchy" name="testmethod01" time="0.010"/>
</testsuite> <!-- com.testng.automation.Learntestnghierarchy -->
